[1,1] IDENTIFIER: pedro
[1,7] IS: is
[2,1] VAR: var
[2,5] IDENTIFIER: sum
[2,8] COMA: ,
[2,10] IDENTIFIER: sum2
[2,15] DOS_PUNTOS: :
[2,17] INTEGER: integer
[2,24] PUNTO_COMA: ;
[3,1] VAR: var
[3,5] IDENTIFIER: bol
[3,8] COMA: ,
[3,9] IDENTIFIER: segundo
[3,17] DOS_PUNTOS: :
[3,19] BOOLEAN: boolean
[3,26] PUNTO_COMA: ;
[4,1] VAR: var
[4,5] IS: is
[4,8] DOS_PUNTOS: :
[4,10] BOOLEAN: boolean
[4,17] PUNTO_COMA: ;
[5,0] BEGIN: begin
[6,1] IDENTIFIER: bol
[6,5] ASIGNACION: :=
[6,8] TRUE: true
[6,12] PUNTO_COMA: ;
[7,1] IDENTIFIER: sum
[7,5] ASIGNACION: :=
[7,8] ENTERO: 10
[7,10] PUNTO_COMA: ;
[8,1] IDENTIFIER: pedro
[8,7] ASIGNACION: :=
[8,10] ENTERO: 1
[8,11] PUNTO_COMA: ;
[9,1] IF: if
[9,4] PARENTESIS_IZQUIERDO: (
[9,5] ENTERO: 10
[9,7] PARENTESIS_DERECHO: )
[9,9] THEN: then
[10,2] IDENTIFIER: sum
[10,6] ASIGNACION: :=
[10,8] ENTERO: 15
[10,10] RESTA: -
[10,11] IDENTIFIER: sum
[10,14] PUNTO_COMA: ;
[11,1] END: end
[11,5] IF: if
[11,7] PUNTO_COMA: ;
[12,1] IDENTIFIER: segundo
[12,9] ASIGNACION: :=
[12,12] NOT: not
[12,15] PARENTESIS_IZQUIERDO: (
[12,16] IDENTIFIER: bol
[12,19] PARENTESIS_DERECHO: )
[12,20] PUNTO_COMA: ;
[13,1] IDENTIFIER: sum2
[13,6] ASIGNACION: :=
[13,9] RESTA: -
[13,10] IDENTIFIER: sum
[13,13] PUNTO_COMA: ;
[14,1] READ: read
[14,6] IDENTIFIER: bol
[14,9] PUNTO_COMA: ;
[15,0] END: end
