Regla utilizada: program
Regla utilizada: reservadas
Regla utilizada: declara
Regla utilizada: repartidor
Regla utilizada: repartidor
Regla utilizada: lista_identifier
Regla utilizada: lista_identifier
Regla utilizada: continua_declara
Regla utilizada: continua_declara2
Regla utilizada: lista_declara
Regla utilizada: declara
Regla utilizada: repartidor
Regla utilizada: repartidor
Regla utilizada: lista_identifier
Regla utilizada: lista_identifier
Regla utilizada: continua_declara
Regla utilizada: continua_declara2
Regla utilizada: lista_declara
Regla utilizada: declara
Regla utilizada: reservadas
Regla utilizada: repartidor
Regla utilizada: lista_identifier
Regla utilizada: continua_declara
Regla utilizada: continua_declara2
Regla utilizada: lista_declara
Regla utilizada: lista_declara
Regla utilizada: expresion
Regla utilizada: asigna
Regla utilizada: otros
Regla utilizada: asigna
Regla utilizada: otros
Regla utilizada: asigna
Regla utilizada: otros
Regla utilizada: expresion
Regla utilizada: sentencia_if
Regla utilizada: expresion
Regla utilizada: expresion
Regla utilizada: asigna
Regla utilizada: otros
Regla utilizada: lista_otros
Regla utilizada: lista_otros
Regla utilizada: continua_sentencia_if
Regla utilizada: otros
Regla utilizada: expresion
Regla utilizada: expresion
Regla utilizada: asigna
Regla utilizada: otros
Regla utilizada: expresion
Regla utilizada: expresion
Regla utilizada: asigna
Regla utilizada: otros
Regla utilizada: leer
Regla utilizada: continua_leer2
Regla utilizada: continua_leer
Regla utilizada: reg_punto_coma_leer
Regla utilizada: otros
Regla utilizada: lista_otros
Regla utilizada: lista_otros
Regla utilizada: lista_otros
Regla utilizada: lista_otros
Regla utilizada: lista_otros
Regla utilizada: lista_otros
Regla utilizada: lista_otros
Regla utilizada: lista_otros
